This file contains any messages produced by compilers while
running configure, to aid debugging if configure makes a mistake.

It was created by apertium-hin configure 0.1.0, which was
generated by GNU Autoconf 2.69.  Invocation command line was

  $ ./configure 

## --------- ##
## Platform. ##
## --------- ##

hostname = priyank-Aspier-XXXX
uname -m = x86_64
uname -r = 5.3.0-42-generic
uname -s = Linux
uname -v = #34~18.04.1-Ubuntu SMP Fri Feb 28 13:42:26 UTC 2020

/usr/bin/uname -p = unknown
/bin/uname -X     = unknown

/bin/arch              = unknown
/usr/bin/arch -k       = unknown
/usr/convex/getsysinfo = unknown
/usr/bin/hostinfo      = unknown
/bin/machine           = unknown
/usr/bin/oslevel       = unknown
/bin/universe          = unknown

PATH: /home/priyank/Stock-Price-Prediction/TwitterDataCollection/flume/bin
PATH: /home/priyank/.local/bin
PATH: /usr/local/sbin
PATH: /usr/local/bin
PATH: /usr/sbin
PATH: /usr/bin
PATH: /sbin
PATH: /bin
PATH: /usr/games
PATH: /usr/local/games
PATH: /snap/bin
PATH: /home/mirco/kaldi-trunk/tools/openfst
PATH: /home/mirco/kaldi-trunk/src/featbin
PATH: /home/mirco/kaldi-trunk/src/gmmbin
PATH: /home/mirco/kaldi-trunk/src/bin
PATH: /home/mirco/kaldi-trunk//src/nnetbin
PATH: /usr/local/bin


## ----------- ##
## Core tests. ##
## ----------- ##

configure:1803: checking for a BSD-compatible install
configure:1871: result: /usr/bin/install -c
configure:1882: checking whether build environment is sane
configure:1937: result: yes
configure:2088: checking for a thread-safe mkdir -p
configure:2127: result: /bin/mkdir -p
configure:2134: checking for gawk
configure:2150: found /usr/bin/gawk
configure:2161: result: gawk
configure:2172: checking whether make sets $(MAKE)
configure:2194: result: yes
configure:2223: checking whether make supports nested variables
configure:2240: result: yes
configure:2358: checking whether ln -s works
configure:2362: result: yes
configure:2373: checking for gawk
configure:2400: result: gawk
configure:2474: checking for pkg-config
configure:2492: found /usr/bin/pkg-config
configure:2504: result: /usr/bin/pkg-config
configure:2529: checking pkg-config is at least version 0.9.0
configure:2532: result: yes
configure:2652: checking for APERTIUM
configure:2659: $PKG_CONFIG --exists --print-errors "apertium >= 3.2.0"
configure:2662: $? = 0
configure:2676: $PKG_CONFIG --exists --print-errors "apertium >= 3.2.0"
configure:2679: $? = 0
configure:2897: result: yes
configure:2928: checking for lt-print
configure:2946: found /usr/bin/lt-print
configure:2959: result: /usr/bin/lt-print
configure:2978: checking for cg-comp
configure:2996: found /usr/bin/cg-comp
configure:3009: result: /usr/bin/cg-comp
configure:3028: checking for pkg-config
configure:3059: result: /usr/bin/pkg-config
configure:3287: checking that generated files are newer than configure
configure:3293: result: done
configure:3305: creating ./config.status

## ---------------------- ##
## Running config.status. ##
## ---------------------- ##

This file was extended by apertium-hin config.status 0.1.0, which was
generated by GNU Autoconf 2.69.  Invocation command line was

  CONFIG_FILES    = 
  CONFIG_HEADERS  = 
  CONFIG_LINKS    = 
  CONFIG_COMMANDS = 
  $ ./config.status 

on priyank-Aspier-XXXX

config.status:783: creating Makefile
config.status:783: creating apertium-hin.pc

## ---------------- ##
## Cache variables. ##
## ---------------- ##

ac_cv_env_APERTIUM_CFLAGS_set=
ac_cv_env_APERTIUM_CFLAGS_value=
ac_cv_env_APERTIUM_LIBS_set=
ac_cv_env_APERTIUM_LIBS_value=
ac_cv_env_HFSTOSPELL_CFLAGS_set=
ac_cv_env_HFSTOSPELL_CFLAGS_value=
ac_cv_env_HFSTOSPELL_LIBS_set=
ac_cv_env_HFSTOSPELL_LIBS_value=
ac_cv_env_PKG_CONFIG_LIBDIR_set=
ac_cv_env_PKG_CONFIG_LIBDIR_value=
ac_cv_env_PKG_CONFIG_PATH_set=set
ac_cv_env_PKG_CONFIG_PATH_value=:/usr/local/share/pkgconfig:/usr/local/lib/pkgconfig
ac_cv_env_PKG_CONFIG_set=
ac_cv_env_PKG_CONFIG_value=
ac_cv_env_build_alias_set=
ac_cv_env_build_alias_value=
ac_cv_env_host_alias_set=
ac_cv_env_host_alias_value=
ac_cv_env_target_alias_set=
ac_cv_env_target_alias_value=
ac_cv_path_CGCOMP=/usr/bin/cg-comp
ac_cv_path_LTPRINT=/usr/bin/lt-print
ac_cv_path_PKG_CONFIG=/usr/bin/pkg-config
ac_cv_path_ac_pt_PKG_CONFIG=/usr/bin/pkg-config
ac_cv_path_install='/usr/bin/install -c'
ac_cv_path_mkdir=/bin/mkdir
ac_cv_prog_AWK=gawk
ac_cv_prog_make_make_set=yes
am_cv_make_support_nested_variables=yes
pkg_cv_APERTIUM_CFLAGS='-I/usr/include/apertium-3.6 -I/usr/lib/x86_64-linux-gnu/apertium-3.6/include -I/usr/include/lttoolbox-3.5 -I/usr/lib/x86_64-linux-gnu/lttoolbox-3.5/include -I/usr/include/libxml2'
pkg_cv_APERTIUM_LIBS='-lapertium3 -llttoolbox3 -lxml2 -lpcre'

## ----------------- ##
## Output variables. ##
## ----------------- ##

ACLOCAL='${SHELL} /home/priyank/apertium/apertium-hin/missing aclocal-1.15'
AMTAR='$${TAR-tar}'
AM_BACKSLASH='\'
AM_DEFAULT_V='$(AM_DEFAULT_VERBOSITY)'
AM_DEFAULT_VERBOSITY='1'
AM_V='$(V)'
APERTIUM_CFLAGS='-I/usr/include/apertium-3.6 -I/usr/lib/x86_64-linux-gnu/apertium-3.6/include -I/usr/include/lttoolbox-3.5 -I/usr/lib/x86_64-linux-gnu/lttoolbox-3.5/include -I/usr/include/libxml2'
APERTIUM_LIBS='-lapertium3 -llttoolbox3 -lxml2 -lpcre'
AUTOCONF='${SHELL} /home/priyank/apertium/apertium-hin/missing autoconf'
AUTOHEADER='${SHELL} /home/priyank/apertium/apertium-hin/missing autoheader'
AUTOMAKE='${SHELL} /home/priyank/apertium/apertium-hin/missing automake-1.15'
AWK='gawk'
CGCOMP='/usr/bin/cg-comp'
CYGPATH_W='echo'
DEFS='-DPACKAGE_NAME=\"apertium-hin\" -DPACKAGE_TARNAME=\"apertium-hin\" -DPACKAGE_VERSION=\"0.1.0\" -DPACKAGE_STRING=\"apertium-hin\ 0.1.0\" -DPACKAGE_BUGREPORT=\"francis.tyers@gmail.com\" -DPACKAGE_URL=\"\"'
ECHO_C=''
ECHO_N='-n'
ECHO_T=''
HAVE_HFSTOSPELL_FALSE=''
HAVE_HFSTOSPELL_TRUE='#'
HFSTOSPELL_CFLAGS=''
HFSTOSPELL_LIBS=''
INSTALL_DATA='${INSTALL} -m 644'
INSTALL_PROGRAM='${INSTALL}'
INSTALL_SCRIPT='${INSTALL}'
INSTALL_STRIP_PROGRAM='$(install_sh) -c -s'
LIBOBJS=''
LIBS=''
LN_S='ln -s'
LTLIBOBJS=''
LTPRINT='/usr/bin/lt-print'
MAKEINFO='${SHELL} /home/priyank/apertium/apertium-hin/missing makeinfo'
MKDIR_P='/bin/mkdir -p'
PACKAGE='apertium-hin'
PACKAGE_BUGREPORT='francis.tyers@gmail.com'
PACKAGE_NAME='apertium-hin'
PACKAGE_STRING='apertium-hin 0.1.0'
PACKAGE_TARNAME='apertium-hin'
PACKAGE_URL=''
PACKAGE_VERSION='0.1.0'
PATH_SEPARATOR=':'
PKG_CONFIG='/usr/bin/pkg-config'
PKG_CONFIG_LIBDIR=''
PKG_CONFIG_PATH=':/usr/local/share/pkgconfig:/usr/local/lib/pkgconfig'
SET_MAKE=''
SHELL='/bin/bash'
STRIP=''
VERSION='0.1.0'
am__isrc=''
am__leading_dot='.'
am__tar='$${TAR-tar} chof - "$$tardir"'
am__untar='$${TAR-tar} xf -'
bindir='${exec_prefix}/bin'
build_alias=''
datadir='${datarootdir}'
datarootdir='${prefix}/share'
docdir='${datarootdir}/doc/${PACKAGE_TARNAME}'
dvidir='${docdir}'
exec_prefix='${prefix}'
host_alias=''
htmldir='${docdir}'
includedir='${prefix}/include'
infodir='${datarootdir}/info'
install_sh='${SHELL} /home/priyank/apertium/apertium-hin/install-sh'
libdir='${exec_prefix}/lib'
libexecdir='${exec_prefix}/libexec'
localedir='${datarootdir}/locale'
localstatedir='${prefix}/var'
mandir='${datarootdir}/man'
mkdir_p='$(MKDIR_P)'
oldincludedir='/usr/include'
pdfdir='${docdir}'
prefix='/usr/local'
program_transform_name='s,x,x,'
psdir='${docdir}'
runstatedir='${localstatedir}/run'
sbindir='${exec_prefix}/sbin'
sharedstatedir='${prefix}/com'
sysconfdir='${prefix}/etc'
target_alias=''

## ------------------- ##
## File substitutions. ##
## ------------------- ##

ap_include='./ap_include.am'

## ----------- ##
## confdefs.h. ##
## ----------- ##

/* confdefs.h */
#define PACKAGE_NAME "apertium-hin"
#define PACKAGE_TARNAME "apertium-hin"
#define PACKAGE_VERSION "0.1.0"
#define PACKAGE_STRING "apertium-hin 0.1.0"
#define PACKAGE_BUGREPORT "francis.tyers@gmail.com"
#define PACKAGE_URL ""

configure: exit 0
