This file contains any messages produced by compilers while
running configure, to aid debugging if configure makes a mistake.

It was created by apertium-pan configure 0.1.0, which was
generated by GNU Autoconf 2.69.  Invocation command line was

  $ ./configure 

## --------- ##
## Platform. ##
## --------- ##

hostname = priyank-Aspier-XXXX
uname -m = x86_64
uname -r = 5.3.0-42-generic
uname -s = Linux
uname -v = #34~18.04.1-Ubuntu SMP Fri Feb 28 13:42:26 UTC 2020

/usr/bin/uname -p = unknown
/bin/uname -X     = unknown

/bin/arch              = unknown
/usr/bin/arch -k       = unknown
/usr/convex/getsysinfo = unknown
/usr/bin/hostinfo      = unknown
/bin/machine           = unknown
/usr/bin/oslevel       = unknown
/bin/universe          = unknown

PATH: /home/priyank/Stock-Price-Prediction/TwitterDataCollection/flume/bin
PATH: /home/priyank/.local/bin
PATH: /usr/local/sbin
PATH: /usr/local/bin
PATH: /usr/sbin
PATH: /usr/bin
PATH: /sbin
PATH: /bin
PATH: /usr/games
PATH: /usr/local/games
PATH: /snap/bin
PATH: /home/mirco/kaldi-trunk/tools/openfst
PATH: /home/mirco/kaldi-trunk/src/featbin
PATH: /home/mirco/kaldi-trunk/src/gmmbin
PATH: /home/mirco/kaldi-trunk/src/bin
PATH: /home/mirco/kaldi-trunk//src/nnetbin
PATH: /usr/local/bin


## ----------- ##
## Core tests. ##
## ----------- ##

configure:1798: checking for a BSD-compatible install
configure:1866: result: /usr/bin/install -c
configure:1877: checking whether build environment is sane
configure:1932: result: yes
configure:2083: checking for a thread-safe mkdir -p
configure:2122: result: /bin/mkdir -p
configure:2129: checking for gawk
configure:2145: found /usr/bin/gawk
configure:2156: result: gawk
configure:2167: checking whether make sets $(MAKE)
configure:2189: result: yes
configure:2218: checking whether make supports nested variables
configure:2235: result: yes
configure:2353: checking whether ln -s works
configure:2357: result: yes
configure:2368: checking for gawk
configure:2395: result: gawk
configure:2464: checking for pkg-config
configure:2482: found /usr/bin/pkg-config
configure:2494: result: /usr/bin/pkg-config
configure:2519: checking pkg-config is at least version 0.9.0
configure:2522: result: yes
configure:2532: checking for APERTIUM
configure:2539: $PKG_CONFIG --exists --print-errors "apertium >= 3.3.0"
configure:2542: $? = 0
configure:2556: $PKG_CONFIG --exists --print-errors "apertium >= 3.3.0"
configure:2559: $? = 0
configure:2617: result: yes
configure:2623: checking for LTTOOLBOX
configure:2630: $PKG_CONFIG --exists --print-errors "lttoolbox >= 3.3.0"
configure:2633: $? = 0
configure:2647: $PKG_CONFIG --exists --print-errors "lttoolbox >= 3.3.0"
configure:2650: $? = 0
configure:2708: result: yes
configure:2715: checking for cg-comp
configure:2733: found /usr/bin/cg-comp
configure:2746: result: /usr/bin/cg-comp
configure:2967: checking that generated files are newer than configure
configure:2973: result: done
configure:2981: creating ./config.status

## ---------------------- ##
## Running config.status. ##
## ---------------------- ##

This file was extended by apertium-pan config.status 0.1.0, which was
generated by GNU Autoconf 2.69.  Invocation command line was

  CONFIG_FILES    = 
  CONFIG_HEADERS  = 
  CONFIG_LINKS    = 
  CONFIG_COMMANDS = 
  $ ./config.status 

on priyank-Aspier-XXXX

config.status:780: creating Makefile
config.status:780: creating apertium-pan.pc

## ---------------- ##
## Cache variables. ##
## ---------------- ##

ac_cv_env_APERTIUM_CFLAGS_set=
ac_cv_env_APERTIUM_CFLAGS_value=
ac_cv_env_APERTIUM_LIBS_set=
ac_cv_env_APERTIUM_LIBS_value=
ac_cv_env_LTTOOLBOX_CFLAGS_set=
ac_cv_env_LTTOOLBOX_CFLAGS_value=
ac_cv_env_LTTOOLBOX_LIBS_set=
ac_cv_env_LTTOOLBOX_LIBS_value=
ac_cv_env_PKG_CONFIG_LIBDIR_set=
ac_cv_env_PKG_CONFIG_LIBDIR_value=
ac_cv_env_PKG_CONFIG_PATH_set=set
ac_cv_env_PKG_CONFIG_PATH_value=:/usr/local/share/pkgconfig:/usr/local/lib/pkgconfig
ac_cv_env_PKG_CONFIG_set=
ac_cv_env_PKG_CONFIG_value=
ac_cv_env_build_alias_set=
ac_cv_env_build_alias_value=
ac_cv_env_host_alias_set=
ac_cv_env_host_alias_value=
ac_cv_env_target_alias_set=
ac_cv_env_target_alias_value=
ac_cv_path_CGCOMP=/usr/bin/cg-comp
ac_cv_path_ac_pt_PKG_CONFIG=/usr/bin/pkg-config
ac_cv_path_install='/usr/bin/install -c'
ac_cv_path_mkdir=/bin/mkdir
ac_cv_prog_AWK=gawk
ac_cv_prog_make_make_set=yes
am_cv_make_support_nested_variables=yes
pkg_cv_APERTIUM_CFLAGS='-I/usr/include/apertium-3.6 -I/usr/lib/x86_64-linux-gnu/apertium-3.6/include -I/usr/include/lttoolbox-3.5 -I/usr/lib/x86_64-linux-gnu/lttoolbox-3.5/include -I/usr/include/libxml2'
pkg_cv_APERTIUM_LIBS='-lapertium3 -llttoolbox3 -lxml2 -lpcre'
pkg_cv_LTTOOLBOX_CFLAGS='-I/usr/include/lttoolbox-3.5 -I/usr/lib/x86_64-linux-gnu/lttoolbox-3.5/include -I/usr/include/libxml2'
pkg_cv_LTTOOLBOX_LIBS='-llttoolbox3 -lxml2'

## ----------------- ##
## Output variables. ##
## ----------------- ##

ACLOCAL='${SHELL} /home/priyank/apertium/apertium-pan/missing aclocal-1.15'
AMTAR='$${TAR-tar}'
AM_BACKSLASH='\'
AM_DEFAULT_V='$(AM_DEFAULT_VERBOSITY)'
AM_DEFAULT_VERBOSITY='1'
AM_V='$(V)'
APERTIUM_CFLAGS='-I/usr/include/apertium-3.6 -I/usr/lib/x86_64-linux-gnu/apertium-3.6/include -I/usr/include/lttoolbox-3.5 -I/usr/lib/x86_64-linux-gnu/lttoolbox-3.5/include -I/usr/include/libxml2'
APERTIUM_LIBS='-lapertium3 -llttoolbox3 -lxml2 -lpcre'
AUTOCONF='${SHELL} /home/priyank/apertium/apertium-pan/missing autoconf'
AUTOHEADER='${SHELL} /home/priyank/apertium/apertium-pan/missing autoheader'
AUTOMAKE='${SHELL} /home/priyank/apertium/apertium-pan/missing automake-1.15'
AWK='gawk'
CGCOMP='/usr/bin/cg-comp'
CYGPATH_W='echo'
DEFS='-DPACKAGE_NAME=\"apertium-pan\" -DPACKAGE_TARNAME=\"apertium-pan\" -DPACKAGE_VERSION=\"0.1.0\" -DPACKAGE_STRING=\"apertium-pan\ 0.1.0\" -DPACKAGE_BUGREPORT=\"francis.tyers@uit.no\" -DPACKAGE_URL=\"\"'
ECHO_C=''
ECHO_N='-n'
ECHO_T=''
INSTALL_DATA='${INSTALL} -m 644'
INSTALL_PROGRAM='${INSTALL}'
INSTALL_SCRIPT='${INSTALL}'
INSTALL_STRIP_PROGRAM='$(install_sh) -c -s'
LIBOBJS=''
LIBS=''
LN_S='ln -s'
LTLIBOBJS=''
LTTOOLBOX_CFLAGS='-I/usr/include/lttoolbox-3.5 -I/usr/lib/x86_64-linux-gnu/lttoolbox-3.5/include -I/usr/include/libxml2'
LTTOOLBOX_LIBS='-llttoolbox3 -lxml2'
MAKEINFO='${SHELL} /home/priyank/apertium/apertium-pan/missing makeinfo'
MKDIR_P='/bin/mkdir -p'
PACKAGE='apertium-pan'
PACKAGE_BUGREPORT='francis.tyers@uit.no'
PACKAGE_NAME='apertium-pan'
PACKAGE_STRING='apertium-pan 0.1.0'
PACKAGE_TARNAME='apertium-pan'
PACKAGE_URL=''
PACKAGE_VERSION='0.1.0'
PATH_SEPARATOR=':'
PKG_CONFIG='/usr/bin/pkg-config'
PKG_CONFIG_LIBDIR=''
PKG_CONFIG_PATH=':/usr/local/share/pkgconfig:/usr/local/lib/pkgconfig'
SET_MAKE=''
SHELL='/bin/bash'
STRIP=''
VERSION='0.1.0'
am__isrc=''
am__leading_dot='.'
am__tar='$${TAR-tar} chof - "$$tardir"'
am__untar='$${TAR-tar} xf -'
bindir='${exec_prefix}/bin'
build_alias=''
datadir='${datarootdir}'
datarootdir='${prefix}/share'
docdir='${datarootdir}/doc/${PACKAGE_TARNAME}'
dvidir='${docdir}'
exec_prefix='${prefix}'
host_alias=''
htmldir='${docdir}'
includedir='${prefix}/include'
infodir='${datarootdir}/info'
install_sh='${SHELL} /home/priyank/apertium/apertium-pan/install-sh'
libdir='${exec_prefix}/lib'
libexecdir='${exec_prefix}/libexec'
localedir='${datarootdir}/locale'
localstatedir='${prefix}/var'
mandir='${datarootdir}/man'
mkdir_p='$(MKDIR_P)'
oldincludedir='/usr/include'
pdfdir='${docdir}'
prefix='/usr/local'
program_transform_name='s,x,x,'
psdir='${docdir}'
runstatedir='${localstatedir}/run'
sbindir='${exec_prefix}/sbin'
sharedstatedir='${prefix}/com'
sysconfdir='${prefix}/etc'
target_alias=''

## ------------------- ##
## File substitutions. ##
## ------------------- ##

ap_include='./ap_include.am'

## ----------- ##
## confdefs.h. ##
## ----------- ##

/* confdefs.h */
#define PACKAGE_NAME "apertium-pan"
#define PACKAGE_TARNAME "apertium-pan"
#define PACKAGE_VERSION "0.1.0"
#define PACKAGE_STRING "apertium-pan 0.1.0"
#define PACKAGE_BUGREPORT "francis.tyers@uit.no"
#define PACKAGE_URL ""

configure: exit 0
