This file contains any messages produced by compilers while
running configure, to aid debugging if configure makes a mistake.

It was created by apertium-hin-pan configure 0.2.0, which was
generated by GNU Autoconf 2.69.  Invocation command line was

  $ ./configure --with-lang1=../apertium-hin --with-lang2=../apertium-pan

## --------- ##
## Platform. ##
## --------- ##

hostname = priyank-Aspier-XXXX
uname -m = x86_64
uname -r = 5.3.0-42-generic
uname -s = Linux
uname -v = #34~18.04.1-Ubuntu SMP Fri Feb 28 13:42:26 UTC 2020

/usr/bin/uname -p = unknown
/bin/uname -X     = unknown

/bin/arch              = unknown
/usr/bin/arch -k       = unknown
/usr/convex/getsysinfo = unknown
/usr/bin/hostinfo      = unknown
/bin/machine           = unknown
/usr/bin/oslevel       = unknown
/bin/universe          = unknown

PATH: /home/priyank/Stock-Price-Prediction/TwitterDataCollection/flume/bin
PATH: /home/priyank/.local/bin
PATH: /usr/local/sbin
PATH: /usr/local/bin
PATH: /usr/sbin
PATH: /usr/bin
PATH: /sbin
PATH: /bin
PATH: /usr/games
PATH: /usr/local/games
PATH: /snap/bin
PATH: /home/mirco/kaldi-trunk/tools/openfst
PATH: /home/mirco/kaldi-trunk/src/featbin
PATH: /home/mirco/kaldi-trunk/src/gmmbin
PATH: /home/mirco/kaldi-trunk/src/bin
PATH: /home/mirco/kaldi-trunk//src/nnetbin
PATH: /usr/local/bin


## ----------- ##
## Core tests. ##
## ----------- ##

configure:1845: checking for a BSD-compatible install
configure:1913: result: /usr/bin/install -c
configure:1924: checking whether build environment is sane
configure:1979: result: yes
configure:2130: checking for a thread-safe mkdir -p
configure:2169: result: /bin/mkdir -p
configure:2176: checking for gawk
configure:2192: found /usr/bin/gawk
configure:2203: result: gawk
configure:2214: checking whether make sets $(MAKE)
configure:2236: result: yes
configure:2265: checking whether make supports nested variables
configure:2282: result: yes
configure:2400: checking whether ln -s works
configure:2404: result: yes
configure:2415: checking for gawk
configure:2442: result: gawk
configure:2509: checking for pkg-config
configure:2527: found /usr/bin/pkg-config
configure:2539: result: /usr/bin/pkg-config
configure:2564: checking pkg-config is at least version 0.9.0
configure:2567: result: yes
configure:2577: checking for APERTIUM
configure:2584: $PKG_CONFIG --exists --print-errors "apertium >= 3.3.0"
configure:2587: $? = 0
configure:2601: $PKG_CONFIG --exists --print-errors "apertium >= 3.3.0"
configure:2604: $? = 0
configure:2822: result: yes
configure:2831: checking for cg-comp
configure:2849: found /usr/bin/cg-comp
configure:2862: result: /usr/bin/cg-comp
configure:2876: checking for cg-proc
configure:2894: found /usr/bin/cg-proc
configure:2907: result: /usr/bin/cg-proc
configure:2921: checking for lrx-comp
configure:2939: found /usr/bin/lrx-comp
configure:2952: result: /usr/bin/lrx-comp
configure:2966: checking for lrx-proc
configure:2984: found /usr/bin/lrx-proc
configure:2997: result: /usr/bin/lrx-proc
configure:3013: checking for gzcat
configure:3046: result: no
configure:3013: checking for zcat
configure:3031: found /bin/zcat
configure:3043: result: /bin/zcat
configure:3716: checking that generated files are newer than configure
configure:3722: result: done
configure:3730: creating ./config.status

## ---------------------- ##
## Running config.status. ##
## ---------------------- ##

This file was extended by apertium-hin-pan config.status 0.2.0, which was
generated by GNU Autoconf 2.69.  Invocation command line was

  CONFIG_FILES    = 
  CONFIG_HEADERS  = 
  CONFIG_LINKS    = 
  CONFIG_COMMANDS = 
  $ ./config.status 

on priyank-Aspier-XXXX

config.status:790: creating Makefile

## ---------------- ##
## Cache variables. ##
## ---------------- ##

ac_cv_env_APERTIUM_CFLAGS_set=
ac_cv_env_APERTIUM_CFLAGS_value=
ac_cv_env_APERTIUM_HIN_CFLAGS_set=
ac_cv_env_APERTIUM_HIN_CFLAGS_value=
ac_cv_env_APERTIUM_HIN_LIBS_set=
ac_cv_env_APERTIUM_HIN_LIBS_value=
ac_cv_env_APERTIUM_LIBS_set=
ac_cv_env_APERTIUM_LIBS_value=
ac_cv_env_APERTIUM_PAN_CFLAGS_set=
ac_cv_env_APERTIUM_PAN_CFLAGS_value=
ac_cv_env_APERTIUM_PAN_LIBS_set=
ac_cv_env_APERTIUM_PAN_LIBS_value=
ac_cv_env_AP_LIB1_set=
ac_cv_env_AP_LIB1_value=
ac_cv_env_AP_LIB2_set=
ac_cv_env_AP_LIB2_value=
ac_cv_env_AP_SRC1_set=
ac_cv_env_AP_SRC1_value=
ac_cv_env_AP_SRC2_set=
ac_cv_env_AP_SRC2_value=
ac_cv_env_AP_SUBDIRS_set=
ac_cv_env_AP_SUBDIRS_value=
ac_cv_env_PKG_CONFIG_LIBDIR_set=
ac_cv_env_PKG_CONFIG_LIBDIR_value=
ac_cv_env_PKG_CONFIG_PATH_set=set
ac_cv_env_PKG_CONFIG_PATH_value=:/usr/local/share/pkgconfig:/usr/local/lib/pkgconfig
ac_cv_env_PKG_CONFIG_set=
ac_cv_env_PKG_CONFIG_value=
ac_cv_env_build_alias_set=
ac_cv_env_build_alias_value=
ac_cv_env_host_alias_set=
ac_cv_env_host_alias_value=
ac_cv_env_target_alias_set=
ac_cv_env_target_alias_value=
ac_cv_path_CGCOMP=/usr/bin/cg-comp
ac_cv_path_CGPROC=/usr/bin/cg-proc
ac_cv_path_LRXCOMP=/usr/bin/lrx-comp
ac_cv_path_LRXPROC=/usr/bin/lrx-proc
ac_cv_path_ZCAT=/bin/zcat
ac_cv_path_ac_pt_PKG_CONFIG=/usr/bin/pkg-config
ac_cv_path_install='/usr/bin/install -c'
ac_cv_path_mkdir=/bin/mkdir
ac_cv_prog_AWK=gawk
ac_cv_prog_make_make_set=yes
am_cv_make_support_nested_variables=yes
pkg_cv_APERTIUM_CFLAGS='-I/usr/include/apertium-3.6 -I/usr/lib/x86_64-linux-gnu/apertium-3.6/include -I/usr/include/lttoolbox-3.5 -I/usr/lib/x86_64-linux-gnu/lttoolbox-3.5/include -I/usr/include/libxml2'
pkg_cv_APERTIUM_LIBS='-lapertium3 -llttoolbox3 -lxml2 -lpcre'

## ----------------- ##
## Output variables. ##
## ----------------- ##

ACLOCAL='${SHELL} /home/priyank/apertium/apertium-hin-pan/missing aclocal-1.15'
AMTAR='$${TAR-tar}'
AM_BACKSLASH='\'
AM_DEFAULT_V='$(AM_DEFAULT_VERBOSITY)'
AM_DEFAULT_VERBOSITY='1'
AM_V='$(V)'
APERTIUM_CFLAGS='-I/usr/include/apertium-3.6 -I/usr/lib/x86_64-linux-gnu/apertium-3.6/include -I/usr/include/lttoolbox-3.5 -I/usr/lib/x86_64-linux-gnu/lttoolbox-3.5/include -I/usr/include/libxml2'
APERTIUM_HIN_CFLAGS=''
APERTIUM_HIN_LIBS=''
APERTIUM_LIBS='-lapertium3 -llttoolbox3 -lxml2 -lpcre'
APERTIUM_PAN_CFLAGS=''
APERTIUM_PAN_LIBS=''
AP_LIB1='../apertium-hin'
AP_LIB2='../apertium-pan'
AP_SRC1='../apertium-hin'
AP_SRC2='../apertium-pan'
AP_SUBDIRS=' ../apertium-hin ../apertium-pan'
AUTOCONF='${SHELL} /home/priyank/apertium/apertium-hin-pan/missing autoconf'
AUTOHEADER='${SHELL} /home/priyank/apertium/apertium-hin-pan/missing autoheader'
AUTOMAKE='${SHELL} /home/priyank/apertium/apertium-hin-pan/missing automake-1.15'
AWK='gawk'
CGCOMP='/usr/bin/cg-comp'
CGPROC='/usr/bin/cg-proc'
CYGPATH_W='echo'
DEFS='-DPACKAGE_NAME=\"apertium-hin-pan\" -DPACKAGE_TARNAME=\"apertium-hin-pan\" -DPACKAGE_VERSION=\"0.2.0\" -DPACKAGE_STRING=\"apertium-hin-pan\ 0.2.0\" -DPACKAGE_BUGREPORT=\"francis.tyers@uit.no\" -DPACKAGE_URL=\"\"'
ECHO_C=''
ECHO_N='-n'
ECHO_T=''
INSTALL_DATA='${INSTALL} -m 644'
INSTALL_PROGRAM='${INSTALL}'
INSTALL_SCRIPT='${INSTALL}'
INSTALL_STRIP_PROGRAM='$(install_sh) -c -s'
LIBOBJS=''
LIBS=''
LN_S='ln -s'
LRXCOMP='/usr/bin/lrx-comp'
LRXPROC='/usr/bin/lrx-proc'
LTLIBOBJS=''
MAKEINFO='${SHELL} /home/priyank/apertium/apertium-hin-pan/missing makeinfo'
MKDIR_P='/bin/mkdir -p'
PACKAGE='apertium-hin-pan'
PACKAGE_BUGREPORT='francis.tyers@uit.no'
PACKAGE_NAME='apertium-hin-pan'
PACKAGE_STRING='apertium-hin-pan 0.2.0'
PACKAGE_TARNAME='apertium-hin-pan'
PACKAGE_URL=''
PACKAGE_VERSION='0.2.0'
PATH_SEPARATOR=':'
PKG_CONFIG='/usr/bin/pkg-config'
PKG_CONFIG_LIBDIR=''
PKG_CONFIG_PATH=':/usr/local/share/pkgconfig:/usr/local/lib/pkgconfig'
SET_MAKE=''
SHELL='/bin/bash'
STRIP=''
VERSION='0.2.0'
ZCAT='/bin/zcat'
am__isrc=''
am__leading_dot='.'
am__tar='$${TAR-tar} chof - "$$tardir"'
am__untar='$${TAR-tar} xf -'
bindir='${exec_prefix}/bin'
build_alias=''
datadir='${datarootdir}'
datarootdir='${prefix}/share'
docdir='${datarootdir}/doc/${PACKAGE_TARNAME}'
dvidir='${docdir}'
exec_prefix='${prefix}'
host_alias=''
htmldir='${docdir}'
includedir='${prefix}/include'
infodir='${datarootdir}/info'
install_sh='${SHELL} /home/priyank/apertium/apertium-hin-pan/install-sh'
libdir='${exec_prefix}/lib'
libexecdir='${exec_prefix}/libexec'
localedir='${datarootdir}/locale'
localstatedir='${prefix}/var'
mandir='${datarootdir}/man'
mkdir_p='$(MKDIR_P)'
oldincludedir='/usr/include'
pdfdir='${docdir}'
prefix='/usr/local'
program_transform_name='s,x,x,'
psdir='${docdir}'
runstatedir='${localstatedir}/run'
sbindir='${exec_prefix}/sbin'
sharedstatedir='${prefix}/com'
sysconfdir='${prefix}/etc'
target_alias=''

## ------------------- ##
## File substitutions. ##
## ------------------- ##

ap_include='./ap_include.am'

## ----------- ##
## confdefs.h. ##
## ----------- ##

/* confdefs.h */
#define PACKAGE_NAME "apertium-hin-pan"
#define PACKAGE_TARNAME "apertium-hin-pan"
#define PACKAGE_VERSION "0.2.0"
#define PACKAGE_STRING "apertium-hin-pan 0.2.0"
#define PACKAGE_BUGREPORT "francis.tyers@uit.no"
#define PACKAGE_URL ""

configure: exit 0
